SF:lib\src\fake_cloud_firestore_instance.dart
DA:22,4
DA:23,4
DA:26,4
DA:28,4
DA:29,16
DA:31,12
DA:32,12
DA:35,1
DA:38,2
DA:39,1
DA:42,4
DA:43,1
DA:44,2
DA:45,2
DA:50,1
DA:52,1
DA:56,4
DA:58,1
DA:59,1
DA:63,2
DA:64,1
DA:65,1
DA:66,2
DA:70,2
DA:72,2
DA:76,1
DA:78,1
DA:79,2
DA:82,1
DA:83,2
DA:87,3
DA:88,1
DA:89,1
DA:90,1
DA:91,2
DA:95,2
DA:96,3
DA:101,1
DA:102,1
DA:106,4
DA:107,8
DA:110,4
DA:111,8
DA:114,2
DA:115,4
DA:118,4
DA:119,4
DA:120,4
DA:124,2
DA:127,0
DA:128,0
DA:136,1
DA:139,1
DA:140,1
DA:145,1
DA:148,1
DA:150,1
DA:151,1
DA:155,1
DA:158,1
DA:159,1
DA:163,1
DA:166,1
DA:167,1
LF:64
LH:62
end_of_record
SF:lib\src\converter.dart
DA:4,2
LF:1
LH:1
end_of_record
SF:lib\src\mock_collection_reference.dart
DA:34,4
DA:44,4
DA:46,2
DA:47,2
DA:49,2
DA:50,2
DA:52,1
DA:54,2
DA:55,1
DA:56,1
DA:57,2
DA:58,1
DA:59,2
DA:67,1
DA:68,1
DA:69,1
DA:73,3
DA:75,3
DA:76,3
DA:78,12
DA:79,12
DA:80,3
DA:81,3
DA:83,9
DA:84,3
DA:85,15
DA:86,3
DA:89,1
DA:92,1
DA:93,1
DA:94,3
DA:96,4
DA:97,2
DA:98,4
DA:99,2
DA:100,2
DA:103,2
DA:104,1
DA:106,1
DA:108,1
DA:109,1
DA:112,2
DA:118,6
DA:121,2
DA:122,4
DA:123,8
DA:124,6
DA:125,2
DA:129,4
DA:131,2
DA:132,12
DA:135,4
DA:137,8
DA:138,4
DA:139,4
DA:142,4
DA:143,4
DA:145,8
DA:148,4
DA:153,2
DA:154,4
DA:155,4
DA:160,2
DA:161,2
DA:164,2
DA:165,4
DA:166,2
DA:168,10
DA:170,0
DA:173,6
DA:174,8
DA:179,1
DA:182,0
DA:183,0
DA:185,2
DA:190,2
DA:191,10
DA:192,2
DA:193,2
DA:195,0
LF:80
LH:76
end_of_record
SF:lib\src\mock_document_reference.dart
DA:34,4
DA:35,12
DA:36,12
DA:37,4
DA:39,12
DA:42,4
DA:55,4
DA:56,4
DA:58,2
DA:59,2
DA:61,4
DA:62,4
DA:64,1
DA:66,2
DA:68,1
DA:69,2
DA:70,1
DA:71,2
DA:72,1
DA:73,0
DA:87,2
DA:89,6
DA:90,2
DA:91,2
DA:93,4
DA:94,2
DA:95,4
DA:98,4
DA:100,4
DA:103,4
DA:104,8
DA:106,4
DA:107,16
DA:109,2
DA:111,4
DA:113,12
DA:114,16
DA:115,4
DA:116,4
DA:119,4
DA:121,4
DA:122,2
DA:123,4
DA:125,4
DA:126,4
DA:133,4
DA:134,1
DA:136,1
DA:137,1
DA:138,4
DA:139,4
DA:141,4
DA:145,4
DA:146,4
DA:147,12
DA:148,16
DA:150,8
DA:152,12
DA:155,3
DA:161,3
DA:162,2
DA:163,3
DA:164,2
DA:165,1
DA:167,1
DA:173,4
DA:175,1
DA:176,12
DA:177,4
DA:180,4
DA:181,8
DA:184,3
DA:186,4
DA:190,4
DA:191,4
DA:194,4
DA:198,4
DA:200,8
DA:201,8
DA:202,4
DA:203,20
DA:204,4
DA:211,2
DA:215,6
DA:216,4
DA:217,6
DA:222,4
DA:223,12
DA:226,2
DA:228,6
DA:229,6
DA:231,8
DA:233,2
DA:234,2
DA:237,1
DA:239,4
DA:242,4
DA:243,12
DA:246,1
DA:248,7
DA:250,0
DA:251,0
DA:253,2
DA:256,2
DA:257,2
DA:258,2
DA:259,2
DA:260,2
DA:261,2
DA:262,2
DA:263,2
DA:264,2
LF:112
LH:109
end_of_record
SF:lib\src\mock_field_value_factory_platform.dart
DA:11,1
DA:13,1
DA:16,1
DA:18,1
DA:21,1
DA:23,2
DA:26,1
DA:28,2
DA:31,1
DA:33,2
LF:10
LH:10
end_of_record
SF:lib\src\mock_write_batch.dart
DA:8,2
DA:14,6
DA:15,2
DA:16,2
DA:17,2
DA:18,3
DA:21,1
DA:23,3
DA:24,1
DA:25,1
DA:26,1
DA:29,1
DA:31,3
DA:32,1
DA:33,1
DA:36,2
DA:38,6
DA:39,1
DA:41,4
DA:42,2
DA:43,2
DA:44,2
DA:45,5
DA:47,6
DA:50,1
DA:51,3
DA:53,1
DA:54,2
DA:58,4
DA:59,2
LF:30
LH:30
end_of_record
SF:lib\src\util.dart
DA:3,4
DA:4,8
DA:7,4
DA:8,4
DA:9,4
DA:10,8
DA:12,8
DA:13,4
DA:15,6
DA:19,2
DA:22,6
DA:23,4
DA:24,8
DA:28,10
DA:29,4
DA:30,2
DA:32,2
DA:35,8
DA:41,0
DA:42,0
DA:43,0
DA:44,0
DA:45,0
DA:46,0
DA:47,0
DA:53,4
DA:54,4
DA:55,4
DA:56,8
DA:57,8
DA:60,4
DA:61,4
DA:70,4
DA:71,4
DA:72,4
DA:73,4
DA:74,4
DA:75,4
DA:76,4
DA:77,4
DA:79,4
DA:80,4
DA:81,4
DA:84,4
DA:85,4
DA:86,2
DA:89,4
DA:90,8
DA:91,4
DA:95,0
LF:50
LH:42
end_of_record
SF:lib\src\fake_converted_query.dart
DA:15,1
DA:16,2
DA:20,1
DA:21,4
DA:23,3
DA:24,1
DA:25,2
DA:26,2
DA:27,1
DA:28,1
DA:29,3
DA:32,1
DA:33,1
DA:35,0
DA:36,0
LF:15
LH:13
end_of_record
SF:lib\src\fake_query_with_parent.dart
DA:14,2
DA:19,4
DA:22,2
DA:24,4
DA:26,4
DA:27,6
DA:28,4
DA:32,4
DA:34,2
DA:35,10
DA:39,8
DA:40,14
DA:44,4
DA:45,12
LF:14
LH:14
end_of_record
SF:lib\src\mock_query_snapshot.dart
DA:11,3
DA:14,12
DA:15,9
DA:19,3
DA:25,3
DA:27,15
DA:29,1
DA:30,1
DA:32,0
DA:34,0
DA:36,2
DA:37,4
LF:12
LH:10
end_of_record
SF:lib\src\query_snapshot_stream_manager.dart
DA:12,4
DA:13,4
DA:15,4
DA:22,0
DA:23,0
DA:25,0
DA:26,0
DA:27,0
DA:31,0
DA:35,2
DA:36,2
DA:37,2
DA:41,4
DA:45,2
DA:46,2
DA:47,6
DA:48,6
DA:50,2
DA:51,6
DA:52,10
DA:54,6
DA:55,6
DA:58,0
DA:59,0
DA:60,0
DA:64,0
DA:65,0
DA:68,2
DA:70,2
DA:71,8
DA:74,2
DA:75,2
DA:76,2
DA:77,0
DA:82,4
DA:83,8
DA:88,6
DA:90,4
DA:91,8
DA:96,2
DA:97,2
DA:98,8
DA:99,2
LF:43
LH:31
end_of_record
SF:lib\src\mock_collection_reference_platform.dart
DA:4,0
DA:5,0
LF:2
LH:0
end_of_record
SF:lib\src\mock_query.dart
DA:29,4
DA:30,6
DA:38,2
DA:39,8
DA:42,2
DA:45,4
DA:46,6
DA:47,6
DA:48,2
DA:51,1
DA:53,2
DA:54,2
DA:55,3
DA:58,2
DA:59,1
DA:64,2
DA:68,1
DA:70,5
DA:71,3
DA:72,2
DA:73,1
DA:74,2
DA:76,1
DA:77,1
DA:78,2
DA:79,1
DA:82,1
DA:83,1
DA:84,2
DA:85,1
DA:92,0
DA:97,1
DA:98,1
DA:104,1
DA:105,1
DA:106,2
DA:108,2
DA:109,1
DA:112,1
DA:113,1
DA:114,2
DA:116,2
DA:118,3
DA:138,1
DA:145,2
DA:147,4
DA:150,1
DA:154,3
DA:155,1
DA:156,1
DA:157,1
DA:158,1
DA:159,2
DA:160,1
DA:163,1
DA:164,3
DA:166,3
DA:167,1
DA:170,1
DA:174,1
DA:176,5
DA:179,1
DA:182,6
DA:185,1
DA:187,6
DA:191,2
DA:205,6
DA:207,2
DA:208,2
DA:209,2
DA:210,1
DA:212,2
DA:223,2
DA:224,2
DA:227,2
DA:239,1
DA:241,1
DA:247,1
DA:250,1
DA:251,1
DA:253,2
DA:255,1
DA:258,1
DA:259,1
DA:261,2
DA:263,1
DA:266,1
DA:267,1
DA:269,2
DA:271,1
DA:274,1
DA:275,1
DA:277,2
DA:279,1
DA:280,1
DA:285,2
DA:286,1
DA:291,1
DA:295,1
DA:296,1
DA:297,2
DA:298,1
DA:307,2
DA:308,1
DA:313,0
DA:317,1
DA:326,1
DA:328,2
DA:329,2
DA:330,3
DA:333,4
DA:338,1
DA:339,1
DA:340,2
DA:342,2
DA:344,2
DA:348,1
DA:350,2
DA:351,2
DA:352,3
DA:355,2
DA:356,0
DA:361,1
DA:365,1
DA:366,1
DA:367,2
DA:369,1
DA:370,1
DA:371,2
DA:375,1
DA:377,2
DA:378,2
DA:379,3
DA:382,1
DA:386,1
DA:388,1
DA:389,1
DA:391,1
DA:396,0
DA:399,2
DA:400,2
LF:141
LH:137
end_of_record
SF:lib\src\mock_document_change.dart
DA:9,3
DA:17,1
DA:18,1
DA:20,1
DA:21,1
DA:23,1
DA:24,1
DA:26,1
DA:27,1
LF:9
LH:9
end_of_record
SF:lib\src\mock_document_reference_platform.dart
DA:4,0
DA:5,0
LF:2
LH:0
end_of_record
SF:lib\src\mock_document_snapshot.dart
DA:16,4
DA:23,4
DA:25,2
DA:26,2
DA:28,3
DA:30,3
DA:31,1
DA:33,6
DA:36,2
DA:38,2
DA:39,2
DA:40,4
DA:42,2
DA:48,1
DA:49,1
DA:51,3
DA:52,3
DA:54,1
DA:55,1
DA:57,3
DA:58,3
DA:61,1
DA:62,1
DA:63,1
DA:64,2
DA:65,1
DA:71,3
DA:72,3
LF:28
LH:28
end_of_record
SF:lib\src\mock_field_value_platform.dart
DA:5,6
DA:13,5
DA:15,1
DA:17,2
DA:22,5
DA:24,1
DA:26,1
DA:31,1
DA:34,1
DA:36,1
DA:40,1
DA:41,2
DA:42,1
DA:47,1
DA:50,1
DA:52,1
DA:56,3
DA:57,2
DA:58,1
DA:59,1
DA:62,1
DA:67,1
DA:70,1
DA:72,1
DA:76,3
DA:77,4
DA:78,1
DA:91,1
LF:28
LH:28
end_of_record
SF:lib\src\mock_snapshot_metadata.dart
DA:4,1
DA:7,1
LF:2
LH:2
end_of_record
SF:lib\src\mock_query_platform.dart
DA:4,0
DA:5,0
LF:2
LH:0
end_of_record
SF:lib\src\mock_query_document_snapshot.dart
DA:9,3
DA:11,0
DA:12,0
DA:14,2
DA:16,4
DA:19,0
DA:21,0
DA:22,0
DA:25,2
DA:26,4
DA:28,2
DA:29,4
DA:31,1
DA:32,2
DA:34,1
DA:35,2
LF:16
LH:11
end_of_record
SF:lib\src\write_task.dart
DA:5,5
LF:1
LH:1
end_of_record